publishing if master || develop current branch: null
[buildinfo] Properties file path was not found! (Relevant only for builds running on a CI Server)
:ethereumj-core:clean
:ethereumj-core:compileJava
:ethereumj-core:processResources
:ethereumj-core:classes
:ethereumj-core:run
21:03:22.120 [general]  capability eth version: [60]
21:03:22.122 [general]  capability shh version: [2]
21:03:22.122 [general]  capability bzz version: [0]

21:03:23.677 [general]  In memory 'pendingTransactions' storage created.
21:03:23.715 [general]  leveldb key-value data source created.
21:03:23.722 [general]  leveldb key-value data source created.
21:03:25.296 [general]  DB is empty - adding Genesis
21:03:25.394 [general]  Genesis block loaded
21:03:25.461 [general]  Connecting to the block store
Loading blocks: /home/eshevchenko/temp/poc-9-619k.dmp
Imported block #1000 took: [0,31 msec]
Imported block #2000 took: [0,26 msec]
Imported block #3000 took: [0,24 msec]
Imported block #4000 took: [0,24 msec]
Imported block #5000 took: [0,26 msec]
Imported block #6000 took: [0,25 msec]
Imported block #7000 took: [0,25 msec]
Imported block #8000 took: [0,28 msec]
Imported block #9000 took: [0,34 msec]
21:03:31.296 [general]  flushing to disk
21:03:31.304 [general]  Flush details in: 7,38 ms, 16 keys, 0,00MB
21:03:31.504 [general]  Flush 'state' in: 199,40 ms, 29964 nodes, 6,93MB
21:03:33.937 [general]  Flush block store in: 212.12614 ms
Imported block #10000 took: [2749,82 msec]
Imported block #11000 took: [0,41 msec]
Imported block #12000 took: [0,35 msec]
Imported block #13000 took: [0,30 msec]
Imported block #14000 took: [0,31 msec]
Imported block #15000 took: [0,28 msec]
Imported block #16000 took: [0,28 msec]
Imported block #17000 took: [0,27 msec]
Imported block #18000 took: [0,29 msec]
Imported block #19000 took: [0,30 msec]
21:03:41.021 [general]  flushing to disk
21:03:41.027 [general]  Flush details in: 5,43 ms, 22 keys, 0,24MB
21:03:41.244 [general]  Flush 'state' in: 215,41 ms, 29487 nodes, 7,20MB
21:03:43.607 [general]  Flush block store in: 277.26035 ms
Imported block #20000 took: [2704,94 msec]
Imported block #21000 took: [0,29 msec]
Imported block #22000 took: [0,74 msec]
Imported block #23000 took: [0,53 msec]
Imported block #24000 took: [0,30 msec]
Imported block #25000 took: [0,35 msec]
Imported block #26000 took: [0,29 msec]
Imported block #27000 took: [0,28 msec]
Imported block #28000 took: [0,28 msec]
Imported block #29000 took: [0,27 msec]
21:03:52.624 [general]  flushing to disk
21:03:52.889 [general]  Flush 'details-storage/8539bd809cf55b59fe197d242d84ea3f1e0b1e08' in: 26,90 ms, 4176 nodes, 4,04MB
21:03:52.892 [general]  Flush details in: 267,44 ms, 21 keys, 0,11MB
21:03:53.076 [general]  Flush 'state' in: 183,18 ms, 32008 nodes, 8,72MB
21:03:55.180 [general]  Flush block store in: 169.16344 ms
Imported block #30000 took: [2648,78 msec]
Imported block #31000 took: [0,27 msec]
Imported block #32000 took: [0,27 msec]
Imported block #33000 took: [0,29 msec]
Imported block #34000 took: [0,27 msec]
Imported block #35000 took: [0,27 msec]
Imported block #36000 took: [0,27 msec]
Imported block #37000 took: [0,27 msec]
Imported block #38000 took: [0,27 msec]
Imported block #39000 took: [0,26 msec]
21:03:59.556 [general]  flushing to disk
21:03:59.560 [general]  Flush details in: 3,79 ms, 62 keys, 0,17MB
21:03:59.737 [general]  Flush 'state' in: 175,93 ms, 31673 nodes, 8,73MB
21:04:01.761 [general]  Flush block store in: 145.14041 ms
Imported block #40000 took: [2306,09 msec]
Imported block #41000 took: [0,27 msec]
Imported block #42000 took: [3,36 msec]
Imported block #43000 took: [0,27 msec]
Imported block #44000 took: [0,27 msec]
Imported block #45000 took: [1,44 msec]
Imported block #46000 took: [0,27 msec]
Imported block #47000 took: [0,26 msec]
Imported block #48000 took: [0,26 msec]
Imported block #49000 took: [0,27 msec]
21:04:21.700 [general]  flushing to disk
21:04:22.334 [general]  Flush 'details-storage/2e9bd804a61255b2cc7106f915ed59af5fbf63cd' in: 393,78 ms, 51120 nodes, 30,71MB
21:04:22.368 [general]  Flush details in: 663,85 ms, 96 keys, 0,45MB
21:04:22.572 [general]  Flush 'state' in: 203,58 ms, 36824 nodes, 11,06MB
21:04:24.523 [general]  Flush block store in: 135.508 ms
Imported block #50000 took: [2929,01 msec]
Imported block #51000 took: [0,27 msec]
Imported block #52000 took: [0,26 msec]
Imported block #53000 took: [0,29 msec]
Imported block #54000 took: [0,26 msec]
Imported block #55000 took: [62,08 msec]
Imported block #56000 took: [0,27 msec]
Imported block #57000 took: [0,27 msec]
Imported block #58000 took: [0,28 msec]
Imported block #59000 took: [0,31 msec]
21:04:42.841 [general]  flushing to disk
21:04:43.094 [general]  Flush 'details-storage/2e9bd804a61255b2cc7106f915ed59af5fbf63cd' in: 252,49 ms, 45790 nodes, 30,64MB
21:04:43.115 [general]  Flush details in: 273,39 ms, 68 keys, 0,68MB
21:04:43.305 [general]  Flush 'state' in: 190,05 ms, 35709 nodes, 11,79MB
21:04:45.397 [general]  Flush block store in: 135.92258 ms
Imported block #60000 took: [2647,49 msec]
Imported block #61000 took: [0,28 msec]
Imported block #62000 took: [0,27 msec]
Imported block #63000 took: [0,26 msec]
Imported block #64000 took: [0,27 msec]
Imported block #65000 took: [0,27 msec]
Imported block #66000 took: [0,27 msec]
Imported block #67000 took: [0,27 msec]
Imported block #68000 took: [0,27 msec]
Imported block #69000 took: [0,29 msec]
21:04:57.149 [general]  flushing to disk
21:04:57.296 [general]  Flush 'details-storage/2e9bd804a61255b2cc7106f915ed59af5fbf63cd' in: 145,75 ms, 27014 nodes, 16,99MB
21:04:57.319 [general]  Flush details in: 169,02 ms, 79 keys, 1,03MB
21:04:57.517 [general]  Flush 'state' in: 197,53 ms, 36521 nodes, 12,23MB
21:04:59.827 [general]  Flush block store in: 376.6239 ms
Imported block #70000 took: [2769,53 msec]
Imported block #71000 took: [0,31 msec]
Imported block #72000 took: [0,36 msec]
Imported block #73000 took: [0,27 msec]
Imported block #74000 took: [0,26 msec]
Imported block #75000 took: [0,26 msec]
Imported block #76000 took: [0,29 msec]
Imported block #77000 took: [0,27 msec]
Imported block #78000 took: [0,27 msec]
Imported block #79000 took: [0,35 msec]
21:05:17.758 [general]  flushing to disk
21:05:18.239 [general]  Flush 'details-storage/2e9bd804a61255b2cc7106f915ed59af5fbf63cd' in: 480,10 ms, 63038 nodes, 36,47MB
21:05:18.304 [general]  Flush details in: 544,99 ms, 125 keys, 1,23MB
21:05:18.527 [general]  Flush 'state' in: 222,86 ms, 38632 nodes, 13,90MB
21:05:20.974 [general]  Flush block store in: 380.4967 ms
Imported block #80000 took: [3351,86 msec]
Imported block #81000 took: [0,44 msec]
Imported block #82000 took: [0,27 msec]
Imported block #83000 took: [0,27 msec]
Imported block #84000 took: [0,29 msec]
Imported block #85000 took: [0,27 msec]
Imported block #86000 took: [0,28 msec]
Imported block #87000 took: [0,26 msec]
Imported block #88000 took: [0,48 msec]
Imported block #89000 took: [0,26 msec]
21:05:28.039 [general]  flushing to disk
21:05:28.062 [general]  Flush 'details-storage/2e9bd804a61255b2cc7106f915ed59af5fbf63cd' in: 22,25 ms, 5602 nodes, 3,40MB
21:05:28.089 [general]  Flush details in: 49,58 ms, 68 keys, 1,11MB
21:05:28.285 [general]  Flush 'state' in: 195,45 ms, 35918 nodes, 12,72MB
21:05:30.465 [general]  Flush block store in: 315.00046 ms
Imported block #90000 took: [2519,59 msec]
Imported block #91000 took: [0,26 msec]
Imported block #92000 took: [0,30 msec]
Imported block #93000 took: [0,31 msec]
Imported block #94000 took: [0,28 msec]
Imported block #95000 took: [0,34 msec]
Imported block #96000 took: [0,31 msec]
Imported block #97000 took: [0,29 msec]
Imported block #98000 took: [0,27 msec]
Imported block #99000 took: [0,28 msec]
21:05:40.765 [general]  flushing to disk
21:05:40.866 [general]  Flush 'details-storage/2e9bd804a61255b2cc7106f915ed59af5fbf63cd' in: 99,95 ms, 20089 nodes, 12,25MB
21:05:40.900 [general]  Flush details in: 133,50 ms, 116 keys, 1,45MB
21:05:41.142 [general]  Flush 'state' in: 242,10 ms, 45139 nodes, 15,08MB
21:05:43.390 [general]  Flush block store in: 271.35873 ms
Imported block #100000 took: [2718,77 msec]
Imported block #101000 took: [0,26 msec]
Imported block #102000 took: [0,27 msec]
Imported block #103000 took: [0,28 msec]
Imported block #104000 took: [0,35 msec]
Imported block #105000 took: [0,26 msec]
Imported block #106000 took: [0,27 msec]
Imported block #107000 took: [0,26 msec]
Imported block #108000 took: [0,26 msec]
Imported block #109000 took: [0,26 msec]
21:05:47.615 [general]  flushing to disk
21:05:47.616 [general]  Flush details in: 0,66 ms, 51 keys, 0,03MB
21:05:47.827 [general]  Flush 'state' in: 211,11 ms, 39089 nodes, 13,13MB
21:05:50.197 [general]  Flush block store in: 211.5904 ms
Imported block #110000 took: [2704,94 msec]
Imported block #111000 took: [0,28 msec]
Imported block #112000 took: [0,28 msec]
Imported block #113000 took: [0,27 msec]
Imported block #114000 took: [0,27 msec]
Imported block #115000 took: [0,29 msec]
Imported block #116000 took: [0,28 msec]
Imported block #117000 took: [0,28 msec]
Imported block #118000 took: [0,28 msec]
Imported block #119000 took: [0,35 msec]
21:05:57.981 [general]  flushing to disk
21:05:57.986 [general]  Flush details in: 4,54 ms, 115 keys, 0,46MB
21:05:58.276 [general]  Flush 'state' in: 289,37 ms, 48336 nodes, 16,08MB
21:06:00.649 [general]  Flush block store in: 245.01161 ms
Imported block #120000 took: [2792,59 msec]
Imported block #121000 took: [0,27 msec]
Imported block #122000 took: [0,28 msec]
Imported block #123000 took: [0,27 msec]
Imported block #124000 took: [0,27 msec]
Imported block #125000 took: [0,29 msec]
Imported block #126000 took: [0,27 msec]
Imported block #127000 took: [0,27 msec]
Imported block #128000 took: [0,27 msec]
Imported block #129000 took: [0,27 msec]
21:06:06.389 [general]  flushing to disk
21:06:06.392 [general]  Flush details in: 2,55 ms, 59 keys, 0,24MB
21:06:06.620 [general]  Flush 'state' in: 227,38 ms, 41478 nodes, 14,08MB
21:06:09.134 [general]  Flush block store in: 260.1379 ms
Imported block #130000 took: [2895,10 msec]
Imported block #131000 took: [0,36 msec]
Imported block #132000 took: [0,27 msec]
Imported block #133000 took: [0,27 msec]
Imported block #134000 took: [0,27 msec]
Imported block #135000 took: [0,31 msec]
Imported block #136000 took: [0,28 msec]
Imported block #137000 took: [0,27 msec]
Imported block #138000 took: [0,27 msec]
Imported block #139000 took: [0,27 msec]
21:06:24.200 [general]  flushing to disk
21:06:24.202 [general]  Flush 'details-storage/2e9bd804a61255b2cc7106f915ed59af5fbf63cd' in: 1,62 ms, 436 nodes, 0,30MB
21:06:24.233 [general]  Flush details in: 33,26 ms, 152 keys, 1,76MB
21:06:24.486 [general]  Flush 'state' in: 252,88 ms, 46069 nodes, 15,32MB
21:06:27.076 [general]  Flush block store in: 555.3048 ms
Imported block #140000 took: [2989,50 msec]
Imported block #141000 took: [0,49 msec]
Imported block #142000 took: [0,28 msec]
Imported block #143000 took: [0,28 msec]
Imported block #144000 took: [0,27 msec]
Imported block #145000 took: [0,29 msec]
Imported block #146000 took: [0,27 msec]
Imported block #147000 took: [0,27 msec]
Imported block #148000 took: [0,28 msec]
Imported block #149000 took: [0,28 msec]
21:06:33.817 [general]  flushing to disk
21:06:33.844 [general]  Flush 'details-storage/2e9bd804a61255b2cc7106f915ed59af5fbf63cd' in: 27,14 ms, 5987 nodes, 3,79MB
21:06:33.875 [general]  Flush details in: 58,08 ms, 88 keys, 1,50MB
21:06:34.118 [general]  Flush 'state' in: 242,63 ms, 44805 nodes, 14,88MB
21:06:44.237 [general]  Flush block store in: 561.58765 ms
Imported block #150000 took: [10557,49 msec]
Imported block #151000 took: [0,42 msec]
Imported block #152000 took: [0,42 msec]
Imported block #153000 took: [0,42 msec]
Imported block #154000 took: [0,43 msec]
Imported block #155000 took: [0,61 msec]
Imported block #156000 took: [0,48 msec]
Imported block #157000 took: [0,42 msec]
Imported block #158000 took: [0,45 msec]
Imported block #159000 took: [0,80 msec]
21:07:47.454 [general]  flushing to disk
21:07:48.011 [general]  Flush 'details-storage/2e9bd804a61255b2cc7106f915ed59af5fbf63cd' in: 556,33 ms, 85542 nodes, 51,14MB
21:07:48.065 [general]  Flush details in: 611,10 ms, 103 keys, 2,06MB
21:07:48.353 [general]  Flush 'state' in: 287,71 ms, 48919 nodes, 17,35MB
21:07:51.311 [general]  Flush block store in: 639.828 ms
Imported block #160000 took: [4098,61 msec]
Imported block #161000 took: [0,77 msec]
Imported block #162000 took: [0,52 msec]
Imported block #163000 took: [0,39 msec]
:ethereumj-core:run FAILED

BUILD FAILED

Total time: 5 mins 1.022 secs
